<?xml version="1.0" encoding="UTF-8"?>
<!-- Generated by org.testng.reporters.JUnitReportReporter -->
<testsuite hostname="LAPTOP-B8A8UDTS" failures="0" tests="2" name="testlayer.LoginTest" time="4.127" errors="0" timestamp="2022-11-25T02:49:59 EST" skipped="1">
  <testcase classname="testlayer.LoginTest" name="TitleTestCase" time="4.127"/>
  <system-out/>
  <testcase classname="testlayer.LoginTest" name="Login" time="0.000">
    <skipped/>
  </testcase> <!-- Login -->
  <system-out/>
</testsuite> <!-- testlayer.LoginTest -->
